<?xml version="1.0" encoding="UTF-8"?>
<features xmlns="http://karaf.apache.org/xmlns/features/v1.0.0" name="test-dependencies">
<feature name="test-dependencies">
<bundle>mvn:fuse-pocs/fuse-pocs-camel-spring-properties-bundle/1.0-SNAPSHOT</bundle>
</feature>
</features>
